2019-03-31 23:03:18.084  INFO 11756 --- [main] com.lyoyang.springbootstart.App          : Starting App on yangbing-ZHAOYANG-E40-70 with PID 11756 (/home/yangbing/java_code/springbootdemo/springboot-start/target/classes started by yangbing in /home/yangbing/java_code/springbootdemo)
2019-03-31 23:03:18.090  INFO 11756 --- [main] com.lyoyang.springbootstart.App          : No active profile set, falling back to default profiles: default
2019-03-31 23:03:18.257  INFO 11756 --- [main] ConfigServletWebServerApplicationContext : Refreshing org.springframework.boot.web.servlet.context.AnnotationConfigServletWebServerApplicationContext@5e4bd84a: startup date [Sun Mar 31 23:03:18 CST 2019]; root of context hierarchy
2019-03-31 23:03:20.719  INFO 11756 --- [main] o.s.b.w.embedded.tomcat.TomcatWebServer  : Tomcat initialized with port(s): 8088 (http)
2019-03-31 23:03:20.751  INFO 11756 --- [main] o.apache.catalina.core.StandardService   : Starting service [Tomcat]
2019-03-31 23:03:20.752  INFO 11756 --- [main] org.apache.catalina.core.StandardEngine  : Starting Servlet Engine: Apache Tomcat/8.5.28
2019-03-31 23:03:20.758  INFO 11756 --- [localhost-startStop-1] o.a.catalina.core.AprLifecycleListener   : The APR based Apache Tomcat Native library which allows optimal performance in production environments was not found on the java.library.path: [/usr/java/packages/lib/amd64:/usr/lib64:/lib64:/lib:/usr/lib]
2019-03-31 23:03:20.888  INFO 11756 --- [localhost-startStop-1] o.a.c.c.C.[.[localhost].[/lyoyang]       : Initializing Spring embedded WebApplicationContext
2019-03-31 23:03:20.889  INFO 11756 --- [localhost-startStop-1] o.s.web.context.ContextLoader            : Root WebApplicationContext: initialization completed in 2632 ms
2019-03-31 23:03:21.082  INFO 11756 --- [localhost-startStop-1] o.s.b.w.servlet.ServletRegistrationBean  : Servlet dispatcherServlet mapped to [/]
2019-03-31 23:03:21.088  INFO 11756 --- [localhost-startStop-1] o.s.b.w.servlet.FilterRegistrationBean   : Mapping filter: 'characterEncodingFilter' to: [/*]
2019-03-31 23:03:21.089  INFO 11756 --- [localhost-startStop-1] o.s.b.w.servlet.FilterRegistrationBean   : Mapping filter: 'hiddenHttpMethodFilter' to: [/*]
2019-03-31 23:03:21.089  INFO 11756 --- [localhost-startStop-1] o.s.b.w.servlet.FilterRegistrationBean   : Mapping filter: 'httpPutFormContentFilter' to: [/*]
2019-03-31 23:03:21.089  INFO 11756 --- [localhost-startStop-1] o.s.b.w.servlet.FilterRegistrationBean   : Mapping filter: 'requestContextFilter' to: [/*]
2019-03-31 23:03:22.129  INFO 11756 --- [main] s.w.s.m.m.a.RequestMappingHandlerAdapter : Looking for @ControllerAdvice: org.springframework.boot.web.servlet.context.AnnotationConfigServletWebServerApplicationContext@5e4bd84a: startup date [Sun Mar 31 23:03:18 CST 2019]; root of context hierarchy
2019-03-31 23:03:22.244  INFO 11756 --- [main] s.w.s.m.m.a.RequestMappingHandlerMapping : Mapped "{[/getUser]}" onto public java.util.Map<java.lang.Integer, com.lyoyang.springbootstart.entity.User> com.lyoyang.springbootstart.controller.IndexController.getUser()
2019-03-31 23:03:22.245  INFO 11756 --- [main] s.w.s.m.m.a.RequestMappingHandlerMapping : Mapped "{[/]}" onto public java.lang.String com.lyoyang.springbootstart.controller.IndexController.index()
2019-03-31 23:03:22.250  INFO 11756 --- [main] s.w.s.m.m.a.RequestMappingHandlerMapping : Mapped "{[/user/createUser]}" onto public java.lang.String com.lyoyang.springbootstart.controller.UserController.createUser(java.lang.String,java.lang.String)
2019-03-31 23:03:22.250  INFO 11756 --- [main] s.w.s.m.m.a.RequestMappingHandlerMapping : Mapped "{[/user/getByName]}" onto public com.lyoyang.springbootstart.entity.User com.lyoyang.springbootstart.controller.UserController.getUserByName(java.lang.String)
2019-03-31 23:03:22.251  INFO 11756 --- [main] s.w.s.m.m.a.RequestMappingHandlerMapping : Mapped "{[/user/saveUserByTest1]}" onto public java.lang.String com.lyoyang.springbootstart.controller.UserController.saveUserByTest1(com.lyoyang.springbootstart.entity.User)
2019-03-31 23:03:22.252  INFO 11756 --- [main] s.w.s.m.m.a.RequestMappingHandlerMapping : Mapped "{[/user/saveUserByTest2]}" onto public java.lang.String com.lyoyang.springbootstart.controller.UserController.saveUserByTest2(com.lyoyang.springbootstart.entity.User)
2019-03-31 23:03:22.258  INFO 11756 --- [main] s.w.s.m.m.a.RequestMappingHandlerMapping : Mapped "{[/error],produces=[text/html]}" onto public org.springframework.web.servlet.ModelAndView org.springframework.boot.autoconfigure.web.servlet.error.BasicErrorController.errorHtml(javax.servlet.http.HttpServletRequest,javax.servlet.http.HttpServletResponse)
2019-03-31 23:03:22.259  INFO 11756 --- [main] s.w.s.m.m.a.RequestMappingHandlerMapping : Mapped "{[/error]}" onto public org.springframework.http.ResponseEntity<java.util.Map<java.lang.String, java.lang.Object>> org.springframework.boot.autoconfigure.web.servlet.error.BasicErrorController.error(javax.servlet.http.HttpServletRequest)
2019-03-31 23:03:22.324  INFO 11756 --- [main] o.s.w.s.handler.SimpleUrlHandlerMapping  : Mapped URL path [/webjars/**] onto handler of type [class org.springframework.web.servlet.resource.ResourceHttpRequestHandler]
2019-03-31 23:03:22.324  INFO 11756 --- [main] o.s.w.s.handler.SimpleUrlHandlerMapping  : Mapped URL path [/**] onto handler of type [class org.springframework.web.servlet.resource.ResourceHttpRequestHandler]
2019-03-31 23:03:22.606  INFO 11756 --- [main] o.s.w.s.handler.SimpleUrlHandlerMapping  : Mapped URL path [/**/favicon.ico] onto handler of type [class org.springframework.web.servlet.resource.ResourceHttpRequestHandler]
2019-03-31 23:03:22.944  INFO 11756 --- [main] o.s.j.e.a.AnnotationMBeanExporter        : Registering beans for JMX exposure on startup
2019-03-31 23:03:22.945  INFO 11756 --- [main] o.s.j.e.a.AnnotationMBeanExporter        : Bean with name 'test1DataSource' has been autodetected for JMX exposure
2019-03-31 23:03:22.946  INFO 11756 --- [main] o.s.j.e.a.AnnotationMBeanExporter        : Bean with name 'test2DataSource' has been autodetected for JMX exposure
2019-03-31 23:03:22.954  INFO 11756 --- [main] o.s.j.e.a.AnnotationMBeanExporter        : Located MBean 'test1DataSource': registering with JMX server as MBean [com.zaxxer.hikari:name=test1DataSource,type=HikariDataSource]
2019-03-31 23:03:22.956  INFO 11756 --- [main] o.s.j.e.a.AnnotationMBeanExporter        : Located MBean 'test2DataSource': registering with JMX server as MBean [com.zaxxer.hikari:name=test2DataSource,type=HikariDataSource]
2019-03-31 23:03:23.019  INFO 11756 --- [main] o.s.b.w.embedded.tomcat.TomcatWebServer  : Tomcat started on port(s): 8088 (http) with context path '/lyoyang'
2019-03-31 23:03:23.023  INFO 11756 --- [main] com.lyoyang.springbootstart.App          : Started App in 6.256 seconds (JVM running for 10.004)
2019-03-31 23:04:09.890  INFO 11756 --- [Thread-16] ConfigServletWebServerApplicationContext : Closing org.springframework.boot.web.servlet.context.AnnotationConfigServletWebServerApplicationContext@5e4bd84a: startup date [Sun Mar 31 23:03:18 CST 2019]; root of context hierarchy
2019-03-31 23:04:09.894  INFO 11756 --- [Thread-16] o.s.j.e.a.AnnotationMBeanExporter        : Unregistering JMX-exposed beans on shutdown
2019-03-31 23:04:09.895  INFO 11756 --- [Thread-16] o.s.j.e.a.AnnotationMBeanExporter        : Unregistering JMX-exposed beans
